# JRE version: Java(TM) SE Runtime Environment (8.0_66-b17) (build 1.8.0_66-b17)
# Java VM: Java HotSpot(TM) 64-Bit Server VM (25.66-b17 mixed mode bsd-amd64 compressed oops)
Heap:
 PSYoungGen      total 326144K, used 158184K [0x00000007aab00000, 0x00000007c0000000, 0x00000007c0000000)
  eden space 313344K, 50% used [0x00000007aab00000,0x00000007b457a1c8,0x00000007bdd00000)
  from space 12800K, 0% used [0x00000007bdd00000,0x00000007bdd00000,0x00000007be980000)
  to   space 18432K, 0% used [0x00000007bee00000,0x00000007bee00000,0x00000007c0000000)
 ParOldGen       total 100864K, used 45480K [0x0000000780000000, 0x0000000786280000, 0x00000007aab00000)
  object space 100864K, 45% used [0x0000000780000000,0x0000000782c6a170,0x0000000786280000)
 Metaspace       used 46030K, capacity 62785K, committed 63000K, reserved 1093632K
  class space    used 12835K, capacity 18421K, committed 18456K, reserved 1048576K
GC Heap History (10 events):
Event: 10.098 GC heap before
{Heap before GC invocations=16 (full 2):
 PSYoungGen      total 333312K, used 328220K [0x00000007aab00000, 0x00000007c0000000, 0x00000007c0000000)
  eden space 318976K, 100% used [0x00000007aab00000,0x00000007be280000,0x00000007be280000)
  from space 14336K, 64% used [0x00000007be280000,0x00000007beb87338,0x00000007bf080000)
  to   space 14336K, 0% used [0x00000007bf200000,0x00000007bf200000,0x00000007c0000000)
 ParOldGen       total 68608K, used 26630K [0x0000000780000000, 0x0000000784300000, 0x00000007aab00000)
  object space 68608K, 38% used [0x0000000780000000,0x0000000781a01b50,0x0000000784300000)
 Metaspace       used 36538K, capacity 47307K, committed 47616K, reserved 1083392K
  class space    used 9979K, capacity 13714K, committed 13824K, reserved 1048576K
Event: 10.119 GC heap after
Heap after GC invocations=16 (full 2):
 PSYoungGen      total 332800K, used 13265K [0x00000007aab00000, 0x00000007c0000000, 0x00000007c0000000)
  eden space 318464K, 0% used [0x00000007aab00000,0x00000007aab00000,0x00000007be200000)
  from space 14336K, 92% used [0x00000007bf200000,0x00000007bfef4510,0x00000007c0000000)
  to   space 15360K, 0% used [0x00000007be200000,0x00000007be200000,0x00000007bf100000)
 ParOldGen       total 68608K, used 26638K [0x0000000780000000, 0x0000000784300000, 0x00000007aab00000)
  object space 68608K, 38% used [0x0000000780000000,0x0000000781a03b50,0x0000000784300000)
 Metaspace       used 36538K, capacity 47307K, committed 47616K, reserved 1083392K
  class space    used 9979K, capacity 13714K, committed 13824K, reserved 1048576K
}
Event: 11.128 GC heap before
{Heap before GC invocations=17 (full 2):
 PSYoungGen      total 332800K, used 331729K [0x00000007aab00000, 0x00000007c0000000, 0x00000007c0000000)
  eden space 318464K, 100% used [0x00000007aab00000,0x00000007be200000,0x00000007be200000)
  from space 14336K, 92% used [0x00000007bf200000,0x00000007bfef4510,0x00000007c0000000)
  to   space 15360K, 0% used [0x00000007be200000,0x00000007be200000,0x00000007bf100000)
 ParOldGen       total 68608K, used 26638K [0x0000000780000000, 0x0000000784300000, 0x00000007aab00000)
  object space 68608K, 38% used [0x0000000780000000,0x0000000781a03b50,0x0000000784300000)
 Metaspace       used 39501K, capacity 51713K, committed 51840K, reserved 1085440K
  class space    used 10824K, capacity 14920K, committed 14976K, reserved 1048576K
Event: 11.153 GC heap after
Heap after GC invocations=17 (full 2):
 PSYoungGen      total 333824K, used 15328K [0x00000007aab00000, 0x00000007c0000000, 0x00000007c0000000)
  eden space 318464K, 0% used [0x00000007aab00000,0x00000007aab00000,0x00000007be200000)
  from space 15360K, 99% used [0x00000007be200000,0x00000007bf0f8010,0x00000007bf100000)
  to   space 15360K, 0% used [0x00000007bf100000,0x00000007bf100000,0x00000007c0000000)
 ParOldGen       total 68608K, used 27279K [0x0000000780000000, 0x0000000784300000, 0x00000007aab00000)
  object space 68608K, 39% used [0x0000000780000000,0x0000000781aa3d10,0x0000000784300000)
 Metaspace       used 39501K, capacity 51713K, committed 51840K, reserved 1085440K
  class space    used 10824K, capacity 14920K, committed 14976K, reserved 1048576K
}
Event: 12.236 GC heap before
{Heap before GC invocations=18 (full 2):
 PSYoungGen      total 333824K, used 333792K [0x00000007aab00000, 0x00000007c0000000, 0x00000007c0000000)
  eden space 318464K, 100% used [0x00000007aab00000,0x00000007be200000,0x00000007be200000)
  from space 15360K, 99% used [0x00000007be200000,0x00000007bf0f8010,0x00000007bf100000)
  to   space 15360K, 0% used [0x00000007bf100000,0x00000007bf100000,0x00000007c0000000)
 ParOldGen       total 68608K, used 27279K [0x0000000780000000, 0x0000000784300000, 0x00000007aab00000)
  object space 68608K, 39% used [0x0000000780000000,0x0000000781aa3d10,0x0000000784300000)
 Metaspace       used 42585K, capacity 57895K, committed 58112K, reserved 1091584K
  class space    used 11773K, capacity 16829K, committed 16896K, reserved 1048576K
Event: 12.264 GC heap after
Heap after GC invocations=18 (full 2):
 PSYoungGen      total 328704K, used 12264K [0x00000007aab00000, 0x00000007c0000000, 0x00000007c0000000)
  eden space 313344K, 0% used [0x00000007aab00000,0x00000007aab00000,0x00000007bdd00000)
  from space 15360K, 79% used [0x00000007bf100000,0x00000007bfcfa2f8,0x00000007c0000000)
  to   space 17920K, 0% used [0x00000007bdd00000,0x00000007bdd00000,0x00000007bee80000)
 ParOldGen       total 68608K, used 33890K [0x0000000780000000, 0x0000000784300000, 0x00000007aab00000)
  object space 68608K, 49% used [0x0000000780000000,0x00000007821189c8,0x0000000784300000)
 Metaspace       used 42585K, capacity 57895K, committed 58112K, reserved 1091584K
  class space    used 11773K, capacity 16829K, committed 16896K, reserved 1048576K
}
Event: 12.437 GC heap before
{Heap before GC invocations=19 (full 2):
 PSYoungGen      total 328704K, used 37454K [0x00000007aab00000, 0x00000007c0000000, 0x00000007c0000000)
  eden space 313344K, 8% used [0x00000007aab00000,0x00000007ac399890,0x00000007bdd00000)
  from space 15360K, 79% used [0x00000007bf100000,0x00000007bfcfa2f8,0x00000007c0000000)
  to   space 17920K, 0% used [0x00000007bdd00000,0x00000007bdd00000,0x00000007bee80000)
 ParOldGen       total 68608K, used 33890K [0x0000000780000000, 0x0000000784300000, 0x00000007aab00000)
  object space 68608K, 49% used [0x0000000780000000,0x00000007821189c8,0x0000000784300000)
 Metaspace       used 43433K, capacity 58997K, committed 59160K, reserved 1091584K
  class space    used 12022K, capacity 17175K, committed 17176K, reserved 1048576K
Event: 12.451 GC heap after
Heap after GC invocations=19 (full 2):
 PSYoungGen      total 326144K, used 12608K [0x00000007aab00000, 0x00000007c0000000, 0x00000007c0000000)
  eden space 313344K, 0% used [0x00000007aab00000,0x00000007aab00000,0x00000007bdd00000)
  from space 12800K, 98% used [0x00000007bdd00000,0x00000007be950000,0x00000007be980000)
  to   space 18432K, 0% used [0x00000007bee00000,0x00000007bee00000,0x00000007c0000000)
 ParOldGen       total 68608K, used 33898K [0x0000000780000000, 0x0000000784300000, 0x00000007aab00000)
  object space 68608K, 49% used [0x0000000780000000,0x000000078211a9c8,0x0000000784300000)
 Metaspace       used 43433K, capacity 58997K, committed 59160K, reserved 1091584K
  class space    used 12022K, capacity 17175K, committed 17176K, reserved 1048576K
}
Event: 12.451 GC heap before
{Heap before GC invocations=20 (full 3):
 PSYoungGen      total 326144K, used 12608K [0x00000007aab00000, 0x00000007c0000000, 0x00000007c0000000)
  eden space 313344K, 0% used [0x00000007aab00000,0x00000007aab00000,0x00000007bdd00000)
  from space 12800K, 98% used [0x00000007bdd00000,0x00000007be950000,0x00000007be980000)
  to   space 18432K, 0% used [0x00000007bee00000,0x00000007bee00000,0x00000007c0000000)
 ParOldGen       total 68608K, used 33898K [0x0000000780000000, 0x0000000784300000, 0x00000007aab00000)
  object space 68608K, 49% used [0x0000000780000000,0x000000078211a9c8,0x0000000784300000)
 Metaspace       used 43433K, capacity 58997K, committed 59160K, reserved 1091584K
  class space    used 12022K, capacity 17175K, committed 17176K, reserved 1048576K
Event: 12.882 GC heap after
Heap after GC invocations=20 (full 3):
 PSYoungGen      total 326144K, used 0K [0x00000007aab00000, 0x00000007c0000000, 0x00000007c0000000)
  eden space 313344K, 0% used [0x00000007aab00000,0x00000007aab00000,0x00000007bdd00000)
  from space 12800K, 0% used [0x00000007bdd00000,0x00000007bdd00000,0x00000007be980000)
  to   space 18432K, 0% used [0x00000007bee00000,0x00000007bee00000,0x00000007c0000000)
 ParOldGen       total 100864K, used 45480K [0x0000000780000000, 0x0000000786280000, 0x00000007aab00000)
  object space 100864K, 45% used [0x0000000780000000,0x0000000782c6a170,0x0000000786280000)
 Metaspace       used 43433K, capacity 58997K, committed 59160K, reserved 1091584K
  class space    used 12022K, capacity 17175K, committed 17176K, reserved 1048576K
}

