# JRE version: Java(TM) SE Runtime Environment (8.0_66-b17) (build 1.8.0_66-b17)
# Java VM: Java HotSpot(TM) 64-Bit Server VM (25.66-b17 mixed mode bsd-amd64 compressed oops)
Heap:
 PSYoungGen      total 331264K, used 158156K [0x00000007aab00000, 0x00000007c0000000, 0x00000007c0000000)
  eden space 313344K, 50% used [0x00000007aab00000,0x00000007b4573330,0x00000007bdd00000)
  from space 17920K, 0% used [0x00000007bdd00000,0x00000007bdd00000,0x00000007bee80000)
  to   space 17920K, 0% used [0x00000007bee80000,0x00000007bee80000,0x00000007c0000000)
 ParOldGen       total 95744K, used 45380K [0x0000000780000000, 0x0000000785d80000, 0x00000007aab00000)
  object space 95744K, 47% used [0x0000000780000000,0x0000000782c513a8,0x0000000785d80000)
 Metaspace       used 46028K, capacity 62785K, committed 63016K, reserved 1093632K
  class space    used 12835K, capacity 18421K, committed 18472K, reserved 1048576K
GC Heap History (10 events):
Event: 9.932 GC heap before
{Heap before GC invocations=16 (full 2):
 PSYoungGen      total 333312K, used 328771K [0x00000007aab00000, 0x00000007c0000000, 0x00000007c0000000)
  eden space 319488K, 100% used [0x00000007aab00000,0x00000007be300000,0x00000007be300000)
  from space 13824K, 67% used [0x00000007be300000,0x00000007bec10e38,0x00000007bf080000)
  to   space 13824K, 0% used [0x00000007bf280000,0x00000007bf280000,0x00000007c0000000)
 ParOldGen       total 65536K, used 26663K [0x0000000780000000, 0x0000000784000000, 0x00000007aab00000)
  object space 65536K, 40% used [0x0000000780000000,0x0000000781a09d28,0x0000000784000000)
 Metaspace       used 36600K, capacity 47419K, committed 47528K, reserved 1083392K
  class space    used 9999K, capacity 13730K, committed 13736K, reserved 1048576K
Event: 9.952 GC heap after
Heap after GC invocations=16 (full 2):
 PSYoungGen      total 332288K, used 13345K [0x00000007aab00000, 0x00000007c0000000, 0x00000007c0000000)
  eden space 318464K, 0% used [0x00000007aab00000,0x00000007aab00000,0x00000007be200000)
  from space 13824K, 96% used [0x00000007bf280000,0x00000007bff88520,0x00000007c0000000)
  to   space 15360K, 0% used [0x00000007be200000,0x00000007be200000,0x00000007bf100000)
 ParOldGen       total 65536K, used 26671K [0x0000000780000000, 0x0000000784000000, 0x00000007aab00000)
  object space 65536K, 40% used [0x0000000780000000,0x0000000781a0bd28,0x0000000784000000)
 Metaspace       used 36600K, capacity 47419K, committed 47528K, reserved 1083392K
  class space    used 9999K, capacity 13730K, committed 13736K, reserved 1048576K
}
Event: 10.987 GC heap before
{Heap before GC invocations=17 (full 2):
 PSYoungGen      total 332288K, used 331809K [0x00000007aab00000, 0x00000007c0000000, 0x00000007c0000000)
  eden space 318464K, 100% used [0x00000007aab00000,0x00000007be200000,0x00000007be200000)
  from space 13824K, 96% used [0x00000007bf280000,0x00000007bff88520,0x00000007c0000000)
  to   space 15360K, 0% used [0x00000007be200000,0x00000007be200000,0x00000007bf100000)
 ParOldGen       total 65536K, used 26671K [0x0000000780000000, 0x0000000784000000, 0x00000007aab00000)
  object space 65536K, 40% used [0x0000000780000000,0x0000000781a0bd28,0x0000000784000000)
 Metaspace       used 39519K, capacity 51737K, committed 51880K, reserved 1085440K
  class space    used 10827K, capacity 14924K, committed 15016K, reserved 1048576K
Event: 11.009 GC heap after
Heap after GC invocations=17 (full 2):
 PSYoungGen      total 333824K, used 15328K [0x00000007aab00000, 0x00000007c0000000, 0x00000007c0000000)
  eden space 318464K, 0% used [0x00000007aab00000,0x00000007aab00000,0x00000007be200000)
  from space 15360K, 99% used [0x00000007be200000,0x00000007bf0f8010,0x00000007bf100000)
  to   space 15360K, 0% used [0x00000007bf100000,0x00000007bf100000,0x00000007c0000000)
 ParOldGen       total 65536K, used 27287K [0x0000000780000000, 0x0000000784000000, 0x00000007aab00000)
  object space 65536K, 41% used [0x0000000780000000,0x0000000781aa5ee8,0x0000000784000000)
 Metaspace       used 39519K, capacity 51737K, committed 51880K, reserved 1085440K
  class space    used 10827K, capacity 14924K, committed 15016K, reserved 1048576K
}
Event: 12.112 GC heap before
{Heap before GC invocations=18 (full 2):
 PSYoungGen      total 333824K, used 333792K [0x00000007aab00000, 0x00000007c0000000, 0x00000007c0000000)
  eden space 318464K, 100% used [0x00000007aab00000,0x00000007be200000,0x00000007be200000)
  from space 15360K, 99% used [0x00000007be200000,0x00000007bf0f8010,0x00000007bf100000)
  to   space 15360K, 0% used [0x00000007bf100000,0x00000007bf100000,0x00000007c0000000)
 ParOldGen       total 65536K, used 27287K [0x0000000780000000, 0x0000000784000000, 0x00000007aab00000)
  object space 65536K, 41% used [0x0000000780000000,0x0000000781aa5ee8,0x0000000784000000)
 Metaspace       used 42649K, capacity 58015K, committed 58152K, reserved 1091584K
  class space    used 11792K, capacity 16869K, committed 16936K, reserved 1048576K
Event: 12.138 GC heap after
Heap after GC invocations=18 (full 2):
 PSYoungGen      total 328704K, used 11968K [0x00000007aab00000, 0x00000007c0000000, 0x00000007c0000000)
  eden space 313344K, 0% used [0x00000007aab00000,0x00000007aab00000,0x00000007bdd00000)
  from space 15360K, 77% used [0x00000007bf100000,0x00000007bfcb0020,0x00000007c0000000)
  to   space 17920K, 0% used [0x00000007bdd00000,0x00000007bdd00000,0x00000007bee80000)
 ParOldGen       total 65536K, used 34096K [0x0000000780000000, 0x0000000784000000, 0x00000007aab00000)
  object space 65536K, 52% used [0x0000000780000000,0x000000078214c2e8,0x0000000784000000)
 Metaspace       used 42649K, capacity 58015K, committed 58152K, reserved 1091584K
  class space    used 11792K, capacity 16869K, committed 16936K, reserved 1048576K
}
Event: 12.265 GC heap before
{Heap before GC invocations=19 (full 2):
 PSYoungGen      total 328704K, used 35901K [0x00000007aab00000, 0x00000007c0000000, 0x00000007c0000000)
  eden space 313344K, 7% used [0x00000007aab00000,0x00000007ac25f698,0x00000007bdd00000)
  from space 15360K, 77% used [0x00000007bf100000,0x00000007bfcb0020,0x00000007c0000000)
  to   space 17920K, 0% used [0x00000007bdd00000,0x00000007bdd00000,0x00000007bee80000)
 ParOldGen       total 65536K, used 34096K [0x0000000780000000, 0x0000000784000000, 0x00000007aab00000)
  object space 65536K, 52% used [0x0000000780000000,0x000000078214c2e8,0x0000000784000000)
 Metaspace       used 43469K, capacity 59045K, committed 59160K, reserved 1091584K
  class space    used 12033K, capacity 17191K, committed 17192K, reserved 1048576K
Event: 12.279 GC heap after
Heap after GC invocations=19 (full 2):
 PSYoungGen      total 331264K, used 12384K [0x00000007aab00000, 0x00000007c0000000, 0x00000007c0000000)
  eden space 313344K, 0% used [0x00000007aab00000,0x00000007aab00000,0x00000007bdd00000)
  from space 17920K, 69% used [0x00000007bdd00000,0x00000007be918020,0x00000007bee80000)
  to   space 17920K, 0% used [0x00000007bee80000,0x00000007bee80000,0x00000007c0000000)
 ParOldGen       total 65536K, used 34104K [0x0000000780000000, 0x0000000784000000, 0x00000007aab00000)
  object space 65536K, 52% used [0x0000000780000000,0x000000078214e2e8,0x0000000784000000)
 Metaspace       used 43469K, capacity 59045K, committed 59160K, reserved 1091584K
  class space    used 12033K, capacity 17191K, committed 17192K, reserved 1048576K
}
Event: 12.279 GC heap before
{Heap before GC invocations=20 (full 3):
 PSYoungGen      total 331264K, used 12384K [0x00000007aab00000, 0x00000007c0000000, 0x00000007c0000000)
  eden space 313344K, 0% used [0x00000007aab00000,0x00000007aab00000,0x00000007bdd00000)
  from space 17920K, 69% used [0x00000007bdd00000,0x00000007be918020,0x00000007bee80000)
  to   space 17920K, 0% used [0x00000007bee80000,0x00000007bee80000,0x00000007c0000000)
 ParOldGen       total 65536K, used 34104K [0x0000000780000000, 0x0000000784000000, 0x00000007aab00000)
  object space 65536K, 52% used [0x0000000780000000,0x000000078214e2e8,0x0000000784000000)
 Metaspace       used 43469K, capacity 59045K, committed 59160K, reserved 1091584K
  class space    used 12033K, capacity 17191K, committed 17192K, reserved 1048576K
Event: 12.752 GC heap after
Heap after GC invocations=20 (full 3):
 PSYoungGen      total 331264K, used 0K [0x00000007aab00000, 0x00000007c0000000, 0x00000007c0000000)
  eden space 313344K, 0% used [0x00000007aab00000,0x00000007aab00000,0x00000007bdd00000)
  from space 17920K, 0% used [0x00000007bdd00000,0x00000007bdd00000,0x00000007bee80000)
  to   space 17920K, 0% used [0x00000007bee80000,0x00000007bee80000,0x00000007c0000000)
 ParOldGen       total 95744K, used 45380K [0x0000000780000000, 0x0000000785d80000, 0x00000007aab00000)
  object space 95744K, 47% used [0x0000000780000000,0x0000000782c513a8,0x0000000785d80000)
 Metaspace       used 43469K, capacity 59045K, committed 59160K, reserved 1091584K
  class space    used 12033K, capacity 17191K, committed 17192K, reserved 1048576K
}

