# JRE version: Java(TM) SE Runtime Environment (8.0_66-b17) (build 1.8.0_66-b17)
# Java VM: Java HotSpot(TM) 64-Bit Server VM (25.66-b17 mixed mode bsd-amd64 compressed oops)
Heap:
 PSYoungGen      total 337920K, used 158264K [0x00000007aab00000, 0x00000007bff80000, 0x00000007c0000000)
  eden space 327680K, 48% used [0x00000007aab00000,0x00000007b458e190,0x00000007beb00000)
  from space 10240K, 0% used [0x00000007beb00000,0x00000007beb00000,0x00000007bf500000)
  to   space 9728K, 0% used [0x00000007bf600000,0x00000007bf600000,0x00000007bff80000)
 ParOldGen       total 88064K, used 45453K [0x0000000780000000, 0x0000000785600000, 0x00000007aab00000)
  object space 88064K, 51% used [0x0000000780000000,0x0000000782c63688,0x0000000785600000)
 Metaspace       used 46026K, capacity 62789K, committed 63000K, reserved 1093632K
  class space    used 12835K, capacity 18421K, committed 18456K, reserved 1048576K
GC Heap History (10 events):
Event: 11.757 GC heap before
{Heap before GC invocations=18 (full 2):
 PSYoungGen      total 337920K, used 327936K [0x00000007aab00000, 0x00000007c0000000, 0x00000007c0000000)
  eden space 326656K, 100% used [0x00000007aab00000,0x00000007bea00000,0x00000007bea00000)
  from space 11264K, 11% used [0x00000007bea00000,0x00000007beb40000,0x00000007bf500000)
  to   space 11264K, 0% used [0x00000007bf500000,0x00000007bf500000,0x00000007c0000000)
 ParOldGen       total 57856K, used 33927K [0x0000000780000000, 0x0000000783880000, 0x00000007aab00000)
  object space 57856K, 58% used [0x0000000780000000,0x0000000782121d58,0x0000000783880000)
 Metaspace       used 36266K, capacity 46813K, committed 46976K, reserved 1083392K
  class space    used 9914K, capacity 13604K, committed 13696K, reserved 1048576K
Event: 11.770 GC heap after
Heap after GC invocations=18 (full 2):
 PSYoungGen      total 336896K, used 4800K [0x00000007aab00000, 0x00000007bff00000, 0x00000007c0000000)
  eden space 326656K, 0% used [0x00000007aab00000,0x00000007aab00000,0x00000007bea00000)
  from space 10240K, 46% used [0x00000007bf500000,0x00000007bf9b0000,0x00000007bff00000)
  to   space 10752K, 0% used [0x00000007bea00000,0x00000007bea00000,0x00000007bf480000)
 ParOldGen       total 57856K, used 35069K [0x0000000780000000, 0x0000000783880000, 0x00000007aab00000)
  object space 57856K, 60% used [0x0000000780000000,0x000000078223f448,0x0000000783880000)
 Metaspace       used 36266K, capacity 46813K, committed 46976K, reserved 1083392K
  class space    used 9914K, capacity 13604K, committed 13696K, reserved 1048576K
}
Event: 12.861 GC heap before
{Heap before GC invocations=19 (full 2):
 PSYoungGen      total 336896K, used 331456K [0x00000007aab00000, 0x00000007bff00000, 0x00000007c0000000)
  eden space 326656K, 100% used [0x00000007aab00000,0x00000007bea00000,0x00000007bea00000)
  from space 10240K, 46% used [0x00000007bf500000,0x00000007bf9b0000,0x00000007bff00000)
  to   space 10752K, 0% used [0x00000007bea00000,0x00000007bea00000,0x00000007bf480000)
 ParOldGen       total 57856K, used 35069K [0x0000000780000000, 0x0000000783880000, 0x00000007aab00000)
  object space 57856K, 60% used [0x0000000780000000,0x000000078223f448,0x0000000783880000)
 Metaspace       used 39436K, capacity 51561K, committed 51840K, reserved 1085440K
  class space    used 10809K, capacity 14900K, committed 14976K, reserved 1048576K
Event: 12.878 GC heap after
Heap after GC invocations=19 (full 2):
 PSYoungGen      total 337408K, used 3392K [0x00000007aab00000, 0x00000007c0000000, 0x00000007c0000000)
  eden space 326656K, 0% used [0x00000007aab00000,0x00000007aab00000,0x00000007bea00000)
  from space 10752K, 31% used [0x00000007bea00000,0x00000007bed50000,0x00000007bf480000)
  to   space 10752K, 0% used [0x00000007bf580000,0x00000007bf580000,0x00000007c0000000)
 ParOldGen       total 57856K, used 39741K [0x0000000780000000, 0x0000000783880000, 0x00000007aab00000)
  object space 57856K, 68% used [0x0000000780000000,0x00000007826cf448,0x0000000783880000)
 Metaspace       used 39436K, capacity 51561K, committed 51840K, reserved 1085440K
  class space    used 10809K, capacity 14900K, committed 14976K, reserved 1048576K
}
Event: 13.897 GC heap before
{Heap before GC invocations=20 (full 2):
 PSYoungGen      total 337408K, used 330048K [0x00000007aab00000, 0x00000007c0000000, 0x00000007c0000000)
  eden space 326656K, 100% used [0x00000007aab00000,0x00000007bea00000,0x00000007bea00000)
  from space 10752K, 31% used [0x00000007bea00000,0x00000007bed50000,0x00000007bf480000)
  to   space 10752K, 0% used [0x00000007bf580000,0x00000007bf580000,0x00000007c0000000)
 ParOldGen       total 57856K, used 39741K [0x0000000780000000, 0x0000000783880000, 0x00000007aab00000)
  object space 57856K, 68% used [0x0000000780000000,0x00000007826cf448,0x0000000783880000)
 Metaspace       used 42400K, capacity 57431K, committed 57728K, reserved 1089536K
  class space    used 11715K, capacity 16721K, committed 16768K, reserved 1048576K
Event: 13.912 GC heap after
Heap after GC invocations=20 (full 2):
 PSYoungGen      total 337408K, used 3384K [0x00000007aab00000, 0x00000007bff00000, 0x00000007c0000000)
  eden space 327680K, 0% used [0x00000007aab00000,0x00000007aab00000,0x00000007beb00000)
  from space 9728K, 34% used [0x00000007bf580000,0x00000007bf8ce308,0x00000007bff00000)
  to   space 10240K, 0% used [0x00000007beb00000,0x00000007beb00000,0x00000007bf500000)
 ParOldGen       total 57856K, used 42810K [0x0000000780000000, 0x0000000783880000, 0x00000007aab00000)
  object space 57856K, 73% used [0x0000000780000000,0x00000007829ce918,0x0000000783880000)
 Metaspace       used 42400K, capacity 57431K, committed 57728K, reserved 1089536K
  class space    used 11715K, capacity 16721K, committed 16768K, reserved 1048576K
}
Event: 14.088 GC heap before
{Heap before GC invocations=21 (full 2):
 PSYoungGen      total 337408K, used 40725K [0x00000007aab00000, 0x00000007bff00000, 0x00000007c0000000)
  eden space 327680K, 11% used [0x00000007aab00000,0x00000007acf77100,0x00000007beb00000)
  from space 9728K, 34% used [0x00000007bf580000,0x00000007bf8ce308,0x00000007bff00000)
  to   space 10240K, 0% used [0x00000007beb00000,0x00000007beb00000,0x00000007bf500000)
 ParOldGen       total 57856K, used 42810K [0x0000000780000000, 0x0000000783880000, 0x00000007aab00000)
  object space 57856K, 73% used [0x0000000780000000,0x00000007829ce918,0x0000000783880000)
 Metaspace       used 43432K, capacity 59001K, committed 59160K, reserved 1091584K
  class space    used 12023K, capacity 17175K, committed 17176K, reserved 1048576K
Event: 14.096 GC heap after
Heap after GC invocations=21 (full 2):
 PSYoungGen      total 337920K, used 3968K [0x00000007aab00000, 0x00000007bff80000, 0x00000007c0000000)
  eden space 327680K, 0% used [0x00000007aab00000,0x00000007aab00000,0x00000007beb00000)
  from space 10240K, 38% used [0x00000007beb00000,0x00000007beee0020,0x00000007bf500000)
  to   space 9728K, 0% used [0x00000007bf600000,0x00000007bf600000,0x00000007bff80000)
 ParOldGen       total 57856K, used 42818K [0x0000000780000000, 0x0000000783880000, 0x00000007aab00000)
  object space 57856K, 74% used [0x0000000780000000,0x00000007829d0918,0x0000000783880000)
 Metaspace       used 43432K, capacity 59001K, committed 59160K, reserved 1091584K
  class space    used 12023K, capacity 17175K, committed 17176K, reserved 1048576K
}
Event: 14.096 GC heap before
{Heap before GC invocations=22 (full 3):
 PSYoungGen      total 337920K, used 3968K [0x00000007aab00000, 0x00000007bff80000, 0x00000007c0000000)
  eden space 327680K, 0% used [0x00000007aab00000,0x00000007aab00000,0x00000007beb00000)
  from space 10240K, 38% used [0x00000007beb00000,0x00000007beee0020,0x00000007bf500000)
  to   space 9728K, 0% used [0x00000007bf600000,0x00000007bf600000,0x00000007bff80000)
 ParOldGen       total 57856K, used 42818K [0x0000000780000000, 0x0000000783880000, 0x00000007aab00000)
  object space 57856K, 74% used [0x0000000780000000,0x00000007829d0918,0x0000000783880000)
 Metaspace       used 43432K, capacity 59001K, committed 59160K, reserved 1091584K
  class space    used 12023K, capacity 17175K, committed 17176K, reserved 1048576K
Event: 14.624 GC heap after
Heap after GC invocations=22 (full 3):
 PSYoungGen      total 337920K, used 0K [0x00000007aab00000, 0x00000007bff80000, 0x00000007c0000000)
  eden space 327680K, 0% used [0x00000007aab00000,0x00000007aab00000,0x00000007beb00000)
  from space 10240K, 0% used [0x00000007beb00000,0x00000007beb00000,0x00000007bf500000)
  to   space 9728K, 0% used [0x00000007bf600000,0x00000007bf600000,0x00000007bff80000)
 ParOldGen       total 88064K, used 45453K [0x0000000780000000, 0x0000000785600000, 0x00000007aab00000)
  object space 88064K, 51% used [0x0000000780000000,0x0000000782c63688,0x0000000785600000)
 Metaspace       used 43432K, capacity 59001K, committed 59160K, reserved 1091584K
  class space    used 12023K, capacity 17175K, committed 17176K, reserved 1048576K
}

