# JRE version: Java(TM) SE Runtime Environment (8.0_66-b17) (build 1.8.0_66-b17)
# Java VM: Java HotSpot(TM) 64-Bit Server VM (25.66-b17 mixed mode bsd-amd64 compressed oops)
Heap:
 PSYoungGen      total 326144K, used 159520K [0x00000007aab00000, 0x00000007c0000000, 0x00000007c0000000)
  eden space 313344K, 50% used [0x00000007aab00000,0x00000007b46c8180,0x00000007bdd00000)
  from space 12800K, 0% used [0x00000007bdd00000,0x00000007bdd00000,0x00000007be980000)
  to   space 18432K, 0% used [0x00000007bee00000,0x00000007bee00000,0x00000007c0000000)
 ParOldGen       total 97280K, used 45424K [0x0000000780000000, 0x0000000785f00000, 0x00000007aab00000)
  object space 97280K, 46% used [0x0000000780000000,0x0000000782c5c2b8,0x0000000785f00000)
 Metaspace       used 45949K, capacity 62689K, committed 63016K, reserved 1093632K
  class space    used 12822K, capacity 18389K, committed 18472K, reserved 1048576K
GC Heap History (10 events):
Event: 12.159 GC heap before
{Heap before GC invocations=16 (full 2):
 PSYoungGen      total 332800K, used 328194K [0x00000007aab00000, 0x00000007c0000000, 0x00000007c0000000)
  eden space 318976K, 100% used [0x00000007aab00000,0x00000007be280000,0x00000007be280000)
  from space 13824K, 66% used [0x00000007be280000,0x00000007beb80978,0x00000007bf000000)
  to   space 13824K, 0% used [0x00000007bf280000,0x00000007bf280000,0x00000007c0000000)
 ParOldGen       total 67072K, used 26667K [0x0000000780000000, 0x0000000784180000, 0x00000007aab00000)
  object space 67072K, 39% used [0x0000000780000000,0x0000000781a0ad90,0x0000000784180000)
 Metaspace       used 36527K, capacity 47355K, committed 47528K, reserved 1083392K
  class space    used 9991K, capacity 13730K, committed 13736K, reserved 1048576K
Event: 12.178 GC heap after
Heap after GC invocations=16 (full 2):
 PSYoungGen      total 332288K, used 13297K [0x00000007aab00000, 0x00000007c0000000, 0x00000007c0000000)
  eden space 318464K, 0% used [0x00000007aab00000,0x00000007aab00000,0x00000007be200000)
  from space 13824K, 96% used [0x00000007bf280000,0x00000007bff7c510,0x00000007c0000000)
  to   space 15360K, 0% used [0x00000007be200000,0x00000007be200000,0x00000007bf100000)
 ParOldGen       total 67072K, used 26675K [0x0000000780000000, 0x0000000784180000, 0x00000007aab00000)
  object space 67072K, 39% used [0x0000000780000000,0x0000000781a0cd90,0x0000000784180000)
 Metaspace       used 36527K, capacity 47355K, committed 47528K, reserved 1083392K
  class space    used 9991K, capacity 13730K, committed 13736K, reserved 1048576K
}
Event: 13.191 GC heap before
{Heap before GC invocations=17 (full 2):
 PSYoungGen      total 332288K, used 331761K [0x00000007aab00000, 0x00000007c0000000, 0x00000007c0000000)
  eden space 318464K, 100% used [0x00000007aab00000,0x00000007be200000,0x00000007be200000)
  from space 13824K, 96% used [0x00000007bf280000,0x00000007bff7c510,0x00000007c0000000)
  to   space 15360K, 0% used [0x00000007be200000,0x00000007be200000,0x00000007bf100000)
 ParOldGen       total 67072K, used 26675K [0x0000000780000000, 0x0000000784180000, 0x00000007aab00000)
  object space 67072K, 39% used [0x0000000780000000,0x0000000781a0cd90,0x0000000784180000)
 Metaspace       used 39447K, capacity 51673K, committed 51880K, reserved 1085440K
  class space    used 10818K, capacity 14924K, committed 15016K, reserved 1048576K
Event: 13.211 GC heap after
Heap after GC invocations=17 (full 2):
 PSYoungGen      total 333824K, used 15344K [0x00000007aab00000, 0x00000007c0000000, 0x00000007c0000000)
  eden space 318464K, 0% used [0x00000007aab00000,0x00000007aab00000,0x00000007be200000)
  from space 15360K, 99% used [0x00000007be200000,0x00000007bf0fc020,0x00000007bf100000)
  to   space 15360K, 0% used [0x00000007bf100000,0x00000007bf100000,0x00000007c0000000)
 ParOldGen       total 67072K, used 27251K [0x0000000780000000, 0x0000000784180000, 0x00000007aab00000)
  object space 67072K, 40% used [0x0000000780000000,0x0000000781a9cf50,0x0000000784180000)
 Metaspace       used 39447K, capacity 51673K, committed 51880K, reserved 1085440K
  class space    used 10818K, capacity 14924K, committed 15016K, reserved 1048576K
}
Event: 14.281 GC heap before
{Heap before GC invocations=18 (full 2):
 PSYoungGen      total 333824K, used 333808K [0x00000007aab00000, 0x00000007c0000000, 0x00000007c0000000)
  eden space 318464K, 100% used [0x00000007aab00000,0x00000007be200000,0x00000007be200000)
  from space 15360K, 99% used [0x00000007be200000,0x00000007bf0fc020,0x00000007bf100000)
  to   space 15360K, 0% used [0x00000007bf100000,0x00000007bf100000,0x00000007c0000000)
 ParOldGen       total 67072K, used 27251K [0x0000000780000000, 0x0000000784180000, 0x00000007aab00000)
  object space 67072K, 40% used [0x0000000780000000,0x0000000781a9cf50,0x0000000784180000)
 Metaspace       used 42563K, capacity 57951K, committed 58152K, reserved 1091584K
  class space    used 11782K, capacity 16869K, committed 16936K, reserved 1048576K
Event: 14.304 GC heap after
Heap after GC invocations=18 (full 2):
 PSYoungGen      total 328704K, used 12328K [0x00000007aab00000, 0x00000007c0000000, 0x00000007c0000000)
  eden space 313344K, 0% used [0x00000007aab00000,0x00000007aab00000,0x00000007bdd00000)
  from space 15360K, 80% used [0x00000007bf100000,0x00000007bfd0a2f8,0x00000007c0000000)
  to   space 17920K, 0% used [0x00000007bdd00000,0x00000007bdd00000,0x00000007bee80000)
 ParOldGen       total 67072K, used 33933K [0x0000000780000000, 0x0000000784180000, 0x00000007aab00000)
  object space 67072K, 50% used [0x0000000780000000,0x0000000782123760,0x0000000784180000)
 Metaspace       used 42563K, capacity 57951K, committed 58152K, reserved 1091584K
  class space    used 11782K, capacity 16869K, committed 16936K, reserved 1048576K
}
Event: 14.503 GC heap before
{Heap before GC invocations=19 (full 2):
 PSYoungGen      total 328704K, used 36271K [0x00000007aab00000, 0x00000007c0000000, 0x00000007c0000000)
  eden space 313344K, 7% used [0x00000007aab00000,0x00000007ac261ae0,0x00000007bdd00000)
  from space 15360K, 80% used [0x00000007bf100000,0x00000007bfd0a2f8,0x00000007c0000000)
  to   space 17920K, 0% used [0x00000007bdd00000,0x00000007bdd00000,0x00000007bee80000)
 ParOldGen       total 67072K, used 33933K [0x0000000780000000, 0x0000000784180000, 0x00000007aab00000)
  object space 67072K, 50% used [0x0000000780000000,0x0000000782123760,0x0000000784180000)
 Metaspace       used 43448K, capacity 59029K, committed 59160K, reserved 1091584K
  class space    used 12045K, capacity 17191K, committed 17192K, reserved 1048576K
Event: 14.524 GC heap after
Heap after GC invocations=19 (full 2):
 PSYoungGen      total 326144K, used 12576K [0x00000007aab00000, 0x00000007c0000000, 0x00000007c0000000)
  eden space 313344K, 0% used [0x00000007aab00000,0x00000007aab00000,0x00000007bdd00000)
  from space 12800K, 98% used [0x00000007bdd00000,0x00000007be948000,0x00000007be980000)
  to   space 18432K, 0% used [0x00000007bee00000,0x00000007bee00000,0x00000007c0000000)
 ParOldGen       total 67072K, used 33941K [0x0000000780000000, 0x0000000784180000, 0x00000007aab00000)
  object space 67072K, 50% used [0x0000000780000000,0x0000000782125760,0x0000000784180000)
 Metaspace       used 43448K, capacity 59029K, committed 59160K, reserved 1091584K
  class space    used 12045K, capacity 17191K, committed 17192K, reserved 1048576K
}
Event: 14.524 GC heap before
{Heap before GC invocations=20 (full 3):
 PSYoungGen      total 326144K, used 12576K [0x00000007aab00000, 0x00000007c0000000, 0x00000007c0000000)
  eden space 313344K, 0% used [0x00000007aab00000,0x00000007aab00000,0x00000007bdd00000)
  from space 12800K, 98% used [0x00000007bdd00000,0x00000007be948000,0x00000007be980000)
  to   space 18432K, 0% used [0x00000007bee00000,0x00000007bee00000,0x00000007c0000000)
 ParOldGen       total 67072K, used 33941K [0x0000000780000000, 0x0000000784180000, 0x00000007aab00000)
  object space 67072K, 50% used [0x0000000780000000,0x0000000782125760,0x0000000784180000)
 Metaspace       used 43448K, capacity 59029K, committed 59160K, reserved 1091584K
  class space    used 12045K, capacity 17191K, committed 17192K, reserved 1048576K
Event: 14.993 GC heap after
Heap after GC invocations=20 (full 3):
 PSYoungGen      total 326144K, used 0K [0x00000007aab00000, 0x00000007c0000000, 0x00000007c0000000)
  eden space 313344K, 0% used [0x00000007aab00000,0x00000007aab00000,0x00000007bdd00000)
  from space 12800K, 0% used [0x00000007bdd00000,0x00000007bdd00000,0x00000007be980000)
  to   space 18432K, 0% used [0x00000007bee00000,0x00000007bee00000,0x00000007c0000000)
 ParOldGen       total 97280K, used 45424K [0x0000000780000000, 0x0000000785f00000, 0x00000007aab00000)
  object space 97280K, 46% used [0x0000000780000000,0x0000000782c5c2b8,0x0000000785f00000)
 Metaspace       used 43448K, capacity 59029K, committed 59160K, reserved 1091584K
  class space    used 12045K, capacity 17191K, committed 17192K, reserved 1048576K
}

