# JRE version: Java(TM) SE Runtime Environment (8.0_66-b17) (build 1.8.0_66-b17)
# Java VM: Java HotSpot(TM) 64-Bit Server VM (25.66-b17 mixed mode bsd-amd64 compressed oops)
Heap:
 PSYoungGen      total 326144K, used 158192K [0x00000007aab00000, 0x00000007c0000000, 0x00000007c0000000)
  eden space 313344K, 50% used [0x00000007aab00000,0x00000007b457c350,0x00000007bdd00000)
  from space 12800K, 0% used [0x00000007bdd00000,0x00000007bdd00000,0x00000007be980000)
  to   space 18432K, 0% used [0x00000007bee00000,0x00000007bee00000,0x00000007c0000000)
 ParOldGen       total 96768K, used 45416K [0x0000000780000000, 0x0000000785e80000, 0x00000007aab00000)
  object space 96768K, 46% used [0x0000000780000000,0x0000000782c5a380,0x0000000785e80000)
 Metaspace       used 45971K, capacity 62761K, committed 63016K, reserved 1093632K
  class space    used 12822K, capacity 18389K, committed 18472K, reserved 1048576K
GC Heap History (10 events):
Event: 12.657 GC heap before
{Heap before GC invocations=16 (full 2):
 PSYoungGen      total 332800K, used 328253K [0x00000007aab00000, 0x00000007c0000000, 0x00000007c0000000)
  eden space 318976K, 100% used [0x00000007aab00000,0x00000007be280000,0x00000007be280000)
  from space 13824K, 67% used [0x00000007be280000,0x00000007beb8f7f8,0x00000007bf000000)
  to   space 13824K, 0% used [0x00000007bf280000,0x00000007bf280000,0x00000007c0000000)
 ParOldGen       total 66560K, used 26656K [0x0000000780000000, 0x0000000784100000, 0x00000007aab00000)
  object space 66560K, 40% used [0x0000000780000000,0x0000000781a080e8,0x0000000784100000)
 Metaspace       used 36549K, capacity 47363K, committed 47528K, reserved 1083392K
  class space    used 9991K, capacity 13730K, committed 13736K, reserved 1048576K
Event: 12.674 GC heap after
Heap after GC invocations=16 (full 2):
 PSYoungGen      total 332288K, used 13313K [0x00000007aab00000, 0x00000007c0000000, 0x00000007c0000000)
  eden space 318464K, 0% used [0x00000007aab00000,0x00000007aab00000,0x00000007be200000)
  from space 13824K, 96% used [0x00000007bf280000,0x00000007bff80520,0x00000007c0000000)
  to   space 15360K, 0% used [0x00000007be200000,0x00000007be200000,0x00000007bf100000)
 ParOldGen       total 66560K, used 26664K [0x0000000780000000, 0x0000000784100000, 0x00000007aab00000)
  object space 66560K, 40% used [0x0000000780000000,0x0000000781a0a0e8,0x0000000784100000)
 Metaspace       used 36549K, capacity 47363K, committed 47528K, reserved 1083392K
  class space    used 9991K, capacity 13730K, committed 13736K, reserved 1048576K
}
Event: 13.659 GC heap before
{Heap before GC invocations=17 (full 2):
 PSYoungGen      total 332288K, used 331777K [0x00000007aab00000, 0x00000007c0000000, 0x00000007c0000000)
  eden space 318464K, 100% used [0x00000007aab00000,0x00000007be200000,0x00000007be200000)
  from space 13824K, 96% used [0x00000007bf280000,0x00000007bff80520,0x00000007c0000000)
  to   space 15360K, 0% used [0x00000007be200000,0x00000007be200000,0x00000007bf100000)
 ParOldGen       total 66560K, used 26664K [0x0000000780000000, 0x0000000784100000, 0x00000007aab00000)
  object space 66560K, 40% used [0x0000000780000000,0x0000000781a0a0e8,0x0000000784100000)
 Metaspace       used 39457K, capacity 51671K, committed 51880K, reserved 1085440K
  class space    used 10817K, capacity 14922K, committed 15016K, reserved 1048576K
Event: 13.678 GC heap after
Heap after GC invocations=17 (full 2):
 PSYoungGen      total 333824K, used 15344K [0x00000007aab00000, 0x00000007c0000000, 0x00000007c0000000)
  eden space 318464K, 0% used [0x00000007aab00000,0x00000007aab00000,0x00000007be200000)
  from space 15360K, 99% used [0x00000007be200000,0x00000007bf0fc020,0x00000007bf100000)
  to   space 15360K, 0% used [0x00000007bf100000,0x00000007bf100000,0x00000007c0000000)
 ParOldGen       total 66560K, used 27312K [0x0000000780000000, 0x0000000784100000, 0x00000007aab00000)
  object space 66560K, 41% used [0x0000000780000000,0x0000000781aac2a8,0x0000000784100000)
 Metaspace       used 39457K, capacity 51671K, committed 51880K, reserved 1085440K
  class space    used 10817K, capacity 14922K, committed 15016K, reserved 1048576K
}
Event: 14.714 GC heap before
{Heap before GC invocations=18 (full 2):
 PSYoungGen      total 333824K, used 333808K [0x00000007aab00000, 0x00000007c0000000, 0x00000007c0000000)
  eden space 318464K, 100% used [0x00000007aab00000,0x00000007be200000,0x00000007be200000)
  from space 15360K, 99% used [0x00000007be200000,0x00000007bf0fc020,0x00000007bf100000)
  to   space 15360K, 0% used [0x00000007bf100000,0x00000007bf100000,0x00000007c0000000)
 ParOldGen       total 66560K, used 27312K [0x0000000780000000, 0x0000000784100000, 0x00000007aab00000)
  object space 66560K, 41% used [0x0000000780000000,0x0000000781aac2a8,0x0000000784100000)
 Metaspace       used 42556K, capacity 57895K, committed 58152K, reserved 1091584K
  class space    used 11774K, capacity 16869K, committed 16936K, reserved 1048576K
Event: 14.738 GC heap after
Heap after GC invocations=18 (full 2):
 PSYoungGen      total 328704K, used 12176K [0x00000007aab00000, 0x00000007c0000000, 0x00000007c0000000)
  eden space 313344K, 0% used [0x00000007aab00000,0x00000007aab00000,0x00000007bdd00000)
  from space 15360K, 79% used [0x00000007bf100000,0x00000007bfce4010,0x00000007c0000000)
  to   space 17920K, 0% used [0x00000007bdd00000,0x00000007bdd00000,0x00000007bee80000)
 ParOldGen       total 66560K, used 34000K [0x0000000780000000, 0x0000000784100000, 0x00000007aab00000)
  object space 66560K, 51% used [0x0000000780000000,0x0000000782134098,0x0000000784100000)
 Metaspace       used 42556K, capacity 57895K, committed 58152K, reserved 1091584K
  class space    used 11774K, capacity 16869K, committed 16936K, reserved 1048576K
}
Event: 14.875 GC heap before
{Heap before GC invocations=19 (full 2):
 PSYoungGen      total 328704K, used 42087K [0x00000007aab00000, 0x00000007c0000000, 0x00000007c0000000)
  eden space 313344K, 9% used [0x00000007aab00000,0x00000007ac835fe8,0x00000007bdd00000)
  from space 15360K, 79% used [0x00000007bf100000,0x00000007bfce4010,0x00000007c0000000)
  to   space 17920K, 0% used [0x00000007bdd00000,0x00000007bdd00000,0x00000007bee80000)
 ParOldGen       total 66560K, used 34000K [0x0000000780000000, 0x0000000784100000, 0x00000007aab00000)
  object space 66560K, 51% used [0x0000000780000000,0x0000000782134098,0x0000000784100000)
 Metaspace       used 43470K, capacity 59037K, committed 59160K, reserved 1091584K
  class space    used 12046K, capacity 17191K, committed 17192K, reserved 1048576K
Event: 14.888 GC heap after
Heap after GC invocations=19 (full 2):
 PSYoungGen      total 326144K, used 12544K [0x00000007aab00000, 0x00000007c0000000, 0x00000007c0000000)
  eden space 313344K, 0% used [0x00000007aab00000,0x00000007aab00000,0x00000007bdd00000)
  from space 12800K, 98% used [0x00000007bdd00000,0x00000007be940000,0x00000007be980000)
  to   space 18432K, 0% used [0x00000007bee00000,0x00000007bee00000,0x00000007c0000000)
 ParOldGen       total 66560K, used 34008K [0x0000000780000000, 0x0000000784100000, 0x00000007aab00000)
  object space 66560K, 51% used [0x0000000780000000,0x0000000782136098,0x0000000784100000)
 Metaspace       used 43470K, capacity 59037K, committed 59160K, reserved 1091584K
  class space    used 12046K, capacity 17191K, committed 17192K, reserved 1048576K
}
Event: 14.888 GC heap before
{Heap before GC invocations=20 (full 3):
 PSYoungGen      total 326144K, used 12544K [0x00000007aab00000, 0x00000007c0000000, 0x00000007c0000000)
  eden space 313344K, 0% used [0x00000007aab00000,0x00000007aab00000,0x00000007bdd00000)
  from space 12800K, 98% used [0x00000007bdd00000,0x00000007be940000,0x00000007be980000)
  to   space 18432K, 0% used [0x00000007bee00000,0x00000007bee00000,0x00000007c0000000)
 ParOldGen       total 66560K, used 34008K [0x0000000780000000, 0x0000000784100000, 0x00000007aab00000)
  object space 66560K, 51% used [0x0000000780000000,0x0000000782136098,0x0000000784100000)
 Metaspace       used 43470K, capacity 59037K, committed 59160K, reserved 1091584K
  class space    used 12046K, capacity 17191K, committed 17192K, reserved 1048576K
Event: 15.354 GC heap after
Heap after GC invocations=20 (full 3):
 PSYoungGen      total 326144K, used 0K [0x00000007aab00000, 0x00000007c0000000, 0x00000007c0000000)
  eden space 313344K, 0% used [0x00000007aab00000,0x00000007aab00000,0x00000007bdd00000)
  from space 12800K, 0% used [0x00000007bdd00000,0x00000007bdd00000,0x00000007be980000)
  to   space 18432K, 0% used [0x00000007bee00000,0x00000007bee00000,0x00000007c0000000)
 ParOldGen       total 96768K, used 45416K [0x0000000780000000, 0x0000000785e80000, 0x00000007aab00000)
  object space 96768K, 46% used [0x0000000780000000,0x0000000782c5a380,0x0000000785e80000)
 Metaspace       used 43470K, capacity 59037K, committed 59160K, reserved 1091584K
  class space    used 12046K, capacity 17191K, committed 17192K, reserved 1048576K
}

