# JRE version: Java(TM) SE Runtime Environment (8.0_66-b17) (build 1.8.0_66-b17)
# Java VM: Java HotSpot(TM) 64-Bit Server VM (25.66-b17 mixed mode bsd-amd64 compressed oops)
Heap:
 PSYoungGen      total 331264K, used 162171K [0x00000007aab00000, 0x00000007c0000000, 0x00000007c0000000)
  eden space 313344K, 51% used [0x00000007aab00000,0x00000007b495ec28,0x00000007bdd00000)
  from space 17920K, 0% used [0x00000007bdd00000,0x00000007bdd00000,0x00000007bee80000)
  to   space 17920K, 0% used [0x00000007bee80000,0x00000007bee80000,0x00000007c0000000)
 ParOldGen       total 95744K, used 45381K [0x0000000780000000, 0x0000000785d80000, 0x00000007aab00000)
  object space 95744K, 47% used [0x0000000780000000,0x0000000782c514a8,0x0000000785d80000)
 Metaspace       used 46025K, capacity 62717K, committed 63016K, reserved 1093632K
  class space    used 12837K, capacity 18421K, committed 18472K, reserved 1048576K
GC Heap History (10 events):
Event: 12.422 GC heap before
{Heap before GC invocations=16 (full 2):
 PSYoungGen      total 332800K, used 328259K [0x00000007aab00000, 0x00000007c0000000, 0x00000007c0000000)
  eden space 318976K, 100% used [0x00000007aab00000,0x00000007be280000,0x00000007be280000)
  from space 13824K, 67% used [0x00000007be280000,0x00000007beb90e18,0x00000007bf000000)
  to   space 13824K, 0% used [0x00000007bf280000,0x00000007bf280000,0x00000007c0000000)
 ParOldGen       total 66048K, used 26665K [0x0000000780000000, 0x0000000784080000, 0x00000007aab00000)
  object space 66048K, 40% used [0x0000000780000000,0x0000000781a0a6b8,0x0000000784080000)
 Metaspace       used 36538K, capacity 47247K, committed 47272K, reserved 1083392K
  class space    used 9983K, capacity 13718K, committed 13736K, reserved 1048576K
Event: 12.446 GC heap after
Heap after GC invocations=16 (full 2):
 PSYoungGen      total 332288K, used 13186K [0x00000007aab00000, 0x00000007c0000000, 0x00000007c0000000)
  eden space 318464K, 0% used [0x00000007aab00000,0x00000007aab00000,0x00000007be200000)
  from space 13824K, 95% used [0x00000007bf280000,0x00000007bff609c0,0x00000007c0000000)
  to   space 15360K, 0% used [0x00000007be200000,0x00000007be200000,0x00000007bf100000)
 ParOldGen       total 66048K, used 26673K [0x0000000780000000, 0x0000000784080000, 0x00000007aab00000)
  object space 66048K, 40% used [0x0000000780000000,0x0000000781a0c6b8,0x0000000784080000)
 Metaspace       used 36538K, capacity 47247K, committed 47272K, reserved 1083392K
  class space    used 9983K, capacity 13718K, committed 13736K, reserved 1048576K
}
Event: 13.478 GC heap before
{Heap before GC invocations=17 (full 2):
 PSYoungGen      total 332288K, used 331650K [0x00000007aab00000, 0x00000007c0000000, 0x00000007c0000000)
  eden space 318464K, 100% used [0x00000007aab00000,0x00000007be200000,0x00000007be200000)
  from space 13824K, 95% used [0x00000007bf280000,0x00000007bff609c0,0x00000007c0000000)
  to   space 15360K, 0% used [0x00000007be200000,0x00000007be200000,0x00000007bf100000)
 ParOldGen       total 66048K, used 26673K [0x0000000780000000, 0x0000000784080000, 0x00000007aab00000)
  object space 66048K, 40% used [0x0000000780000000,0x0000000781a0c6b8,0x0000000784080000)
 Metaspace       used 39494K, capacity 51645K, committed 51880K, reserved 1085440K
  class space    used 10824K, capacity 14920K, committed 15016K, reserved 1048576K
Event: 13.503 GC heap after
Heap after GC invocations=17 (full 2):
 PSYoungGen      total 333824K, used 15344K [0x00000007aab00000, 0x00000007c0000000, 0x00000007c0000000)
  eden space 318464K, 0% used [0x00000007aab00000,0x00000007aab00000,0x00000007be200000)
  from space 15360K, 99% used [0x00000007be200000,0x00000007bf0fc020,0x00000007bf100000)
  to   space 15360K, 0% used [0x00000007bf100000,0x00000007bf100000,0x00000007c0000000)
 ParOldGen       total 66048K, used 27277K [0x0000000780000000, 0x0000000784080000, 0x00000007aab00000)
  object space 66048K, 41% used [0x0000000780000000,0x0000000781aa3500,0x0000000784080000)
 Metaspace       used 39494K, capacity 51645K, committed 51880K, reserved 1085440K
  class space    used 10824K, capacity 14920K, committed 15016K, reserved 1048576K
}
Event: 14.541 GC heap before
{Heap before GC invocations=18 (full 2):
 PSYoungGen      total 333824K, used 333808K [0x00000007aab00000, 0x00000007c0000000, 0x00000007c0000000)
  eden space 318464K, 100% used [0x00000007aab00000,0x00000007be200000,0x00000007be200000)
  from space 15360K, 99% used [0x00000007be200000,0x00000007bf0fc020,0x00000007bf100000)
  to   space 15360K, 0% used [0x00000007bf100000,0x00000007bf100000,0x00000007c0000000)
 ParOldGen       total 66048K, used 27277K [0x0000000780000000, 0x0000000784080000, 0x00000007aab00000)
  object space 66048K, 41% used [0x0000000780000000,0x0000000781aa3500,0x0000000784080000)
 Metaspace       used 42602K, capacity 57883K, committed 58152K, reserved 1091584K
  class space    used 11783K, capacity 16869K, committed 16936K, reserved 1048576K
Event: 14.574 GC heap after
Heap after GC invocations=18 (full 2):
 PSYoungGen      total 328704K, used 12024K [0x00000007aab00000, 0x00000007c0000000, 0x00000007c0000000)
  eden space 313344K, 0% used [0x00000007aab00000,0x00000007aab00000,0x00000007bdd00000)
  from space 15360K, 78% used [0x00000007bf100000,0x00000007bfcbe2e8,0x00000007c0000000)
  to   space 17920K, 0% used [0x00000007bdd00000,0x00000007bdd00000,0x00000007bee80000)
 ParOldGen       total 66048K, used 34172K [0x0000000780000000, 0x0000000784080000, 0x00000007aab00000)
  object space 66048K, 51% used [0x0000000780000000,0x000000078215f1a0,0x0000000784080000)
 Metaspace       used 42602K, capacity 57883K, committed 58152K, reserved 1091584K
  class space    used 11783K, capacity 16869K, committed 16936K, reserved 1048576K
}
Event: 14.724 GC heap before
{Heap before GC invocations=19 (full 2):
 PSYoungGen      total 328704K, used 37147K [0x00000007aab00000, 0x00000007c0000000, 0x00000007c0000000)
  eden space 313344K, 8% used [0x00000007aab00000,0x00000007ac388cb0,0x00000007bdd00000)
  from space 15360K, 78% used [0x00000007bf100000,0x00000007bfcbe2e8,0x00000007c0000000)
  to   space 17920K, 0% used [0x00000007bdd00000,0x00000007bdd00000,0x00000007bee80000)
 ParOldGen       total 66048K, used 34172K [0x0000000780000000, 0x0000000784080000, 0x00000007aab00000)
  object space 66048K, 51% used [0x0000000780000000,0x000000078215f1a0,0x0000000784080000)
 Metaspace       used 43461K, capacity 58977K, committed 59160K, reserved 1091584K
  class space    used 12034K, capacity 17191K, committed 17192K, reserved 1048576K
Event: 14.739 GC heap after
Heap after GC invocations=19 (full 2):
 PSYoungGen      total 331264K, used 12320K [0x00000007aab00000, 0x00000007c0000000, 0x00000007c0000000)
  eden space 313344K, 0% used [0x00000007aab00000,0x00000007aab00000,0x00000007bdd00000)
  from space 17920K, 68% used [0x00000007bdd00000,0x00000007be908000,0x00000007bee80000)
  to   space 17920K, 0% used [0x00000007bee80000,0x00000007bee80000,0x00000007c0000000)
 ParOldGen       total 66048K, used 34180K [0x0000000780000000, 0x0000000784080000, 0x00000007aab00000)
  object space 66048K, 51% used [0x0000000780000000,0x00000007821611a0,0x0000000784080000)
 Metaspace       used 43461K, capacity 58977K, committed 59160K, reserved 1091584K
  class space    used 12034K, capacity 17191K, committed 17192K, reserved 1048576K
}
Event: 14.739 GC heap before
{Heap before GC invocations=20 (full 3):
 PSYoungGen      total 331264K, used 12320K [0x00000007aab00000, 0x00000007c0000000, 0x00000007c0000000)
  eden space 313344K, 0% used [0x00000007aab00000,0x00000007aab00000,0x00000007bdd00000)
  from space 17920K, 68% used [0x00000007bdd00000,0x00000007be908000,0x00000007bee80000)
  to   space 17920K, 0% used [0x00000007bee80000,0x00000007bee80000,0x00000007c0000000)
 ParOldGen       total 66048K, used 34180K [0x0000000780000000, 0x0000000784080000, 0x00000007aab00000)
  object space 66048K, 51% used [0x0000000780000000,0x00000007821611a0,0x0000000784080000)
 Metaspace       used 43461K, capacity 58977K, committed 59160K, reserved 1091584K
  class space    used 12034K, capacity 17191K, committed 17192K, reserved 1048576K
Event: 15.163 GC heap after
Heap after GC invocations=20 (full 3):
 PSYoungGen      total 331264K, used 0K [0x00000007aab00000, 0x00000007c0000000, 0x00000007c0000000)
  eden space 313344K, 0% used [0x00000007aab00000,0x00000007aab00000,0x00000007bdd00000)
  from space 17920K, 0% used [0x00000007bdd00000,0x00000007bdd00000,0x00000007bee80000)
  to   space 17920K, 0% used [0x00000007bee80000,0x00000007bee80000,0x00000007c0000000)
 ParOldGen       total 95744K, used 45381K [0x0000000780000000, 0x0000000785d80000, 0x00000007aab00000)
  object space 95744K, 47% used [0x0000000780000000,0x0000000782c514a8,0x0000000785d80000)
 Metaspace       used 43461K, capacity 58977K, committed 59160K, reserved 1091584K
  class space    used 12034K, capacity 17191K, committed 17192K, reserved 1048576K
}

