# JRE version: Java(TM) SE Runtime Environment (8.0_66-b17) (build 1.8.0_66-b17)
# Java VM: Java HotSpot(TM) 64-Bit Server VM (25.66-b17 mixed mode bsd-amd64 compressed oops)
Heap:
 PSYoungGen      total 332288K, used 154514K [0x00000007aab00000, 0x00000007c0000000, 0x00000007c0000000)
  eden space 318464K, 48% used [0x00000007aab00000,0x00000007b41e4bb0,0x00000007be200000)
  from space 13824K, 0% used [0x00000007be200000,0x00000007be200000,0x00000007bef80000)
  to   space 16384K, 0% used [0x00000007bf000000,0x00000007bf000000,0x00000007c0000000)
 ParOldGen       total 95232K, used 45429K [0x0000000780000000, 0x0000000785d00000, 0x00000007aab00000)
  object space 95232K, 47% used [0x0000000780000000,0x0000000782c5d410,0x0000000785d00000)
 Metaspace       used 46017K, capacity 62781K, committed 63016K, reserved 1093632K
  class space    used 12835K, capacity 18421K, committed 18472K, reserved 1048576K
GC Heap History (10 events):
Event: 12.537 GC heap before
{Heap before GC invocations=16 (full 2):
 PSYoungGen      total 332800K, used 328226K [0x00000007aab00000, 0x00000007c0000000, 0x00000007c0000000)
  eden space 318976K, 100% used [0x00000007aab00000,0x00000007be280000,0x00000007be280000)
  from space 13824K, 66% used [0x00000007be280000,0x00000007beb88978,0x00000007bf000000)
  to   space 13824K, 0% used [0x00000007bf280000,0x00000007bf280000,0x00000007c0000000)
 ParOldGen       total 66048K, used 26661K [0x0000000780000000, 0x0000000784080000, 0x00000007aab00000)
  object space 66048K, 40% used [0x0000000780000000,0x0000000781a09588,0x0000000784080000)
 Metaspace       used 36574K, capacity 47333K, committed 47528K, reserved 1083392K
  class space    used 9995K, capacity 13724K, committed 13736K, reserved 1048576K
Event: 12.560 GC heap after
Heap after GC invocations=16 (full 2):
 PSYoungGen      total 334336K, used 7092K [0x00000007aab00000, 0x00000007bff00000, 0x00000007c0000000)
  eden space 321536K, 0% used [0x00000007aab00000,0x00000007aab00000,0x00000007be500000)
  from space 12800K, 55% used [0x00000007bf280000,0x00000007bf96d1d8,0x00000007bff00000)
  to   space 13312K, 0% used [0x00000007be500000,0x00000007be500000,0x00000007bf200000)
 ParOldGen       total 66048K, used 32830K [0x0000000780000000, 0x0000000784080000, 0x00000007aab00000)
  object space 66048K, 49% used [0x0000000780000000,0x000000078200f890,0x0000000784080000)
 Metaspace       used 36574K, capacity 47333K, committed 47528K, reserved 1083392K
  class space    used 9995K, capacity 13724K, committed 13736K, reserved 1048576K
}
Event: 13.581 GC heap before
{Heap before GC invocations=17 (full 2):
 PSYoungGen      total 334336K, used 328628K [0x00000007aab00000, 0x00000007bff00000, 0x00000007c0000000)
  eden space 321536K, 100% used [0x00000007aab00000,0x00000007be500000,0x00000007be500000)
  from space 12800K, 55% used [0x00000007bf280000,0x00000007bf96d1d8,0x00000007bff00000)
  to   space 13312K, 0% used [0x00000007be500000,0x00000007be500000,0x00000007bf200000)
 ParOldGen       total 66048K, used 32830K [0x0000000780000000, 0x0000000784080000, 0x00000007aab00000)
  object space 66048K, 49% used [0x0000000780000000,0x000000078200f890,0x0000000784080000)
 Metaspace       used 39511K, capacity 51733K, committed 51880K, reserved 1085440K
  class space    used 10827K, capacity 14924K, committed 15016K, reserved 1048576K
Event: 13.595 GC heap after
Heap after GC invocations=17 (full 2):
 PSYoungGen      total 334848K, used 9908K [0x00000007aab00000, 0x00000007c0000000, 0x00000007c0000000)
  eden space 321536K, 0% used [0x00000007aab00000,0x00000007aab00000,0x00000007be500000)
  from space 13312K, 74% used [0x00000007be500000,0x00000007beead1d8,0x00000007bf200000)
  to   space 13824K, 0% used [0x00000007bf280000,0x00000007bf280000,0x00000007c0000000)
 ParOldGen       total 66048K, used 32838K [0x0000000780000000, 0x0000000784080000, 0x00000007aab00000)
  object space 66048K, 49% used [0x0000000780000000,0x0000000782011890,0x0000000784080000)
 Metaspace       used 39511K, capacity 51733K, committed 51880K, reserved 1085440K
  class space    used 10827K, capacity 14924K, committed 15016K, reserved 1048576K
}
Event: 14.667 GC heap before
{Heap before GC invocations=18 (full 2):
 PSYoungGen      total 334848K, used 331444K [0x00000007aab00000, 0x00000007c0000000, 0x00000007c0000000)
  eden space 321536K, 100% used [0x00000007aab00000,0x00000007be500000,0x00000007be500000)
  from space 13312K, 74% used [0x00000007be500000,0x00000007beead1d8,0x00000007bf200000)
  to   space 13824K, 0% used [0x00000007bf280000,0x00000007bf280000,0x00000007c0000000)
 ParOldGen       total 66048K, used 32838K [0x0000000780000000, 0x0000000784080000, 0x00000007aab00000)
  object space 66048K, 49% used [0x0000000780000000,0x0000000782011890,0x0000000784080000)
 Metaspace       used 42642K, capacity 58011K, committed 58152K, reserved 1091584K
  class space    used 11792K, capacity 16869K, committed 16936K, reserved 1048576K
Event: 14.685 GC heap after
Heap after GC invocations=18 (full 2):
 PSYoungGen      total 332288K, used 13144K [0x00000007aab00000, 0x00000007c0000000, 0x00000007c0000000)
  eden space 318464K, 0% used [0x00000007aab00000,0x00000007aab00000,0x00000007be200000)
  from space 13824K, 95% used [0x00000007bf280000,0x00000007bff562e8,0x00000007c0000000)
  to   space 15360K, 0% used [0x00000007be200000,0x00000007be200000,0x00000007bf100000)
 ParOldGen       total 66048K, used 32846K [0x0000000780000000, 0x0000000784080000, 0x00000007aab00000)
  object space 66048K, 49% used [0x0000000780000000,0x0000000782013890,0x0000000784080000)
 Metaspace       used 42642K, capacity 58011K, committed 58152K, reserved 1091584K
  class space    used 11792K, capacity 16869K, committed 16936K, reserved 1048576K
}
Event: 14.801 GC heap before
{Heap before GC invocations=19 (full 2):
 PSYoungGen      total 332288K, used 37444K [0x00000007aab00000, 0x00000007c0000000, 0x00000007c0000000)
  eden space 318464K, 7% used [0x00000007aab00000,0x00000007ac2baf30,0x00000007be200000)
  from space 13824K, 95% used [0x00000007bf280000,0x00000007bff562e8,0x00000007c0000000)
  to   space 15360K, 0% used [0x00000007be200000,0x00000007be200000,0x00000007bf100000)
 ParOldGen       total 66048K, used 32846K [0x0000000780000000, 0x0000000784080000, 0x00000007aab00000)
  object space 66048K, 49% used [0x0000000780000000,0x0000000782013890,0x0000000784080000)
 Metaspace       used 43459K, capacity 59041K, committed 59160K, reserved 1091584K
  class space    used 12033K, capacity 17191K, committed 17192K, reserved 1048576K
Event: 14.816 GC heap after
Heap after GC invocations=19 (full 2):
 PSYoungGen      total 332288K, used 13568K [0x00000007aab00000, 0x00000007c0000000, 0x00000007c0000000)
  eden space 318464K, 0% used [0x00000007aab00000,0x00000007aab00000,0x00000007be200000)
  from space 13824K, 98% used [0x00000007be200000,0x00000007bef40020,0x00000007bef80000)
  to   space 16384K, 0% used [0x00000007bf000000,0x00000007bf000000,0x00000007c0000000)
 ParOldGen       total 66048K, used 32854K [0x0000000780000000, 0x0000000784080000, 0x00000007aab00000)
  object space 66048K, 49% used [0x0000000780000000,0x0000000782015890,0x0000000784080000)
 Metaspace       used 43459K, capacity 59041K, committed 59160K, reserved 1091584K
  class space    used 12033K, capacity 17191K, committed 17192K, reserved 1048576K
}
Event: 14.816 GC heap before
{Heap before GC invocations=20 (full 3):
 PSYoungGen      total 332288K, used 13568K [0x00000007aab00000, 0x00000007c0000000, 0x00000007c0000000)
  eden space 318464K, 0% used [0x00000007aab00000,0x00000007aab00000,0x00000007be200000)
  from space 13824K, 98% used [0x00000007be200000,0x00000007bef40020,0x00000007bef80000)
  to   space 16384K, 0% used [0x00000007bf000000,0x00000007bf000000,0x00000007c0000000)
 ParOldGen       total 66048K, used 32854K [0x0000000780000000, 0x0000000784080000, 0x00000007aab00000)
  object space 66048K, 49% used [0x0000000780000000,0x0000000782015890,0x0000000784080000)
 Metaspace       used 43459K, capacity 59041K, committed 59160K, reserved 1091584K
  class space    used 12033K, capacity 17191K, committed 17192K, reserved 1048576K
Event: 15.221 GC heap after
Heap after GC invocations=20 (full 3):
 PSYoungGen      total 332288K, used 0K [0x00000007aab00000, 0x00000007c0000000, 0x00000007c0000000)
  eden space 318464K, 0% used [0x00000007aab00000,0x00000007aab00000,0x00000007be200000)
  from space 13824K, 0% used [0x00000007be200000,0x00000007be200000,0x00000007bef80000)
  to   space 16384K, 0% used [0x00000007bf000000,0x00000007bf000000,0x00000007c0000000)
 ParOldGen       total 95232K, used 45429K [0x0000000780000000, 0x0000000785d00000, 0x00000007aab00000)
  object space 95232K, 47% used [0x0000000780000000,0x0000000782c5d410,0x0000000785d00000)
 Metaspace       used 43459K, capacity 59041K, committed 59160K, reserved 1091584K
  class space    used 12033K, capacity 17191K, committed 17192K, reserved 1048576K
}

