# JRE version: Java(TM) SE Runtime Environment (8.0_66-b17) (build 1.8.0_66-b17)
# Java VM: Java HotSpot(TM) 64-Bit Server VM (25.66-b17 mixed mode bsd-amd64 compressed oops)
Heap:
 PSYoungGen      total 340992K, used 156971K [0x00000007aab00000, 0x00000007c0000000, 0x00000007c0000000)
  eden space 332800K, 47% used [0x00000007aab00000,0x00000007b444aca0,0x00000007bf000000)
  from space 8192K, 0% used [0x00000007bf800000,0x00000007bf800000,0x00000007c0000000)
  to   space 8192K, 0% used [0x00000007bf000000,0x00000007bf000000,0x00000007bf800000)
 ParOldGen       total 100352K, used 45559K [0x0000000780000000, 0x0000000786200000, 0x00000007aab00000)
  object space 100352K, 45% used [0x0000000780000000,0x0000000782c7df20,0x0000000786200000)
 Metaspace       used 45948K, capacity 62629K, committed 62760K, reserved 1093632K
  class space    used 12822K, capacity 18389K, committed 18472K, reserved 1048576K
GC Heap History (10 events):
Event: 15.329 GC heap before
{Heap before GC invocations=21 (full 2):
 PSYoungGen      total 294400K, used 290261K [0x00000007aab00000, 0x00000007bd780000, 0x00000007c0000000)
  eden space 285696K, 100% used [0x00000007aab00000,0x00000007bc200000,0x00000007bc200000)
  from space 8704K, 52% used [0x00000007bca00000,0x00000007bce75630,0x00000007bd280000)
  to   space 8192K, 0% used [0x00000007bc200000,0x00000007bc200000,0x00000007bca00000)
 ParOldGen       total 66048K, used 30022K [0x0000000780000000, 0x0000000784080000, 0x00000007aab00000)
  object space 66048K, 45% used [0x0000000780000000,0x0000000781d51b58,0x0000000784080000)
 Metaspace       used 35514K, capacity 45567K, committed 45736K, reserved 1081344K
  class space    used 9666K, capacity 13158K, committed 13224K, reserved 1048576K
Event: 15.350 GC heap after
Heap after GC invocations=21 (full 2):
 PSYoungGen      total 293888K, used 5248K [0x00000007aab00000, 0x00000007bff80000, 0x00000007c0000000)
  eden space 285696K, 0% used [0x00000007aab00000,0x00000007aab00000,0x00000007bc200000)
  from space 8192K, 64% used [0x00000007bc200000,0x00000007bc720000,0x00000007bca00000)
  to   space 8192K, 0% used [0x00000007bf780000,0x00000007bf780000,0x00000007bff80000)
 ParOldGen       total 66048K, used 33893K [0x0000000780000000, 0x0000000784080000, 0x00000007aab00000)
  object space 66048K, 51% used [0x0000000780000000,0x00000007821194f8,0x0000000784080000)
 Metaspace       used 35514K, capacity 45567K, committed 45736K, reserved 1081344K
  class space    used 9666K, capacity 13158K, committed 13224K, reserved 1048576K
}
Event: 16.319 GC heap before
{Heap before GC invocations=22 (full 2):
 PSYoungGen      total 293888K, used 290944K [0x00000007aab00000, 0x00000007bff80000, 0x00000007c0000000)
  eden space 285696K, 100% used [0x00000007aab00000,0x00000007bc200000,0x00000007bc200000)
  from space 8192K, 64% used [0x00000007bc200000,0x00000007bc720000,0x00000007bca00000)
  to   space 8192K, 0% used [0x00000007bf780000,0x00000007bf780000,0x00000007bff80000)
 ParOldGen       total 66048K, used 33893K [0x0000000780000000, 0x0000000784080000, 0x00000007aab00000)
  object space 66048K, 51% used [0x0000000780000000,0x00000007821194f8,0x0000000784080000)
 Metaspace       used 38113K, capacity 49525K, committed 49704K, reserved 1085440K
  class space    used 10424K, capacity 14344K, committed 14376K, reserved 1048576K
Event: 16.335 GC heap after
Heap after GC invocations=22 (full 2):
 PSYoungGen      total 340480K, used 2292K [0x00000007aab00000, 0x00000007c0000000, 0x00000007c0000000)
  eden space 332288K, 0% used [0x00000007aab00000,0x00000007aab00000,0x00000007bef80000)
  from space 8192K, 27% used [0x00000007bf780000,0x00000007bf9bd1d8,0x00000007bff80000)
  to   space 8192K, 0% used [0x00000007bef80000,0x00000007bef80000,0x00000007bf780000)
 ParOldGen       total 66048K, used 38908K [0x0000000780000000, 0x0000000784080000, 0x00000007aab00000)
  object space 66048K, 58% used [0x0000000780000000,0x00000007825ff378,0x0000000784080000)
 Metaspace       used 38113K, capacity 49525K, committed 49704K, reserved 1085440K
  class space    used 10424K, capacity 14344K, committed 14376K, reserved 1048576K
}
Event: 17.300 GC heap before
{Heap before GC invocations=23 (full 2):
 PSYoungGen      total 340480K, used 334580K [0x00000007aab00000, 0x00000007c0000000, 0x00000007c0000000)
  eden space 332288K, 100% used [0x00000007aab00000,0x00000007bef80000,0x00000007bef80000)
  from space 8192K, 27% used [0x00000007bf780000,0x00000007bf9bd1d8,0x00000007bff80000)
  to   space 8192K, 0% used [0x00000007bef80000,0x00000007bef80000,0x00000007bf780000)
 ParOldGen       total 66048K, used 38908K [0x0000000780000000, 0x0000000784080000, 0x00000007aab00000)
  object space 66048K, 58% used [0x0000000780000000,0x00000007825ff378,0x0000000784080000)
 Metaspace       used 40478K, capacity 53301K, committed 53544K, reserved 1087488K
  class space    used 11141K, capacity 15388K, committed 15400K, reserved 1048576K
Event: 17.316 GC heap after
Heap after GC invocations=23 (full 2):
 PSYoungGen      total 340480K, used 3472K [0x00000007aab00000, 0x00000007c0000000, 0x00000007c0000000)
  eden space 332288K, 0% used [0x00000007aab00000,0x00000007aab00000,0x00000007bef80000)
  from space 8192K, 42% used [0x00000007bef80000,0x00000007bf2e4010,0x00000007bf780000)
  to   space 8192K, 0% used [0x00000007bf800000,0x00000007bf800000,0x00000007c0000000)
 ParOldGen       total 66048K, used 41060K [0x0000000780000000, 0x0000000784080000, 0x00000007aab00000)
  object space 66048K, 62% used [0x0000000780000000,0x0000000782819378,0x0000000784080000)
 Metaspace       used 40478K, capacity 53301K, committed 53544K, reserved 1087488K
  class space    used 11141K, capacity 15388K, committed 15400K, reserved 1048576K
}
Event: 18.242 GC heap before
{Heap before GC invocations=24 (full 2):
 PSYoungGen      total 340480K, used 190807K [0x00000007aab00000, 0x00000007c0000000, 0x00000007c0000000)
  eden space 332288K, 56% used [0x00000007aab00000,0x00000007b61f1d98,0x00000007bef80000)
  from space 8192K, 42% used [0x00000007bef80000,0x00000007bf2e4010,0x00000007bf780000)
  to   space 8192K, 0% used [0x00000007bf800000,0x00000007bf800000,0x00000007c0000000)
 ParOldGen       total 66048K, used 41060K [0x0000000780000000, 0x0000000784080000, 0x00000007aab00000)
  object space 66048K, 62% used [0x0000000780000000,0x0000000782819378,0x0000000784080000)
 Metaspace       used 43446K, capacity 58969K, committed 59160K, reserved 1091584K
  class space    used 12045K, capacity 17191K, committed 17192K, reserved 1048576K
Event: 18.256 GC heap after
Heap after GC invocations=24 (full 2):
 PSYoungGen      total 340992K, used 2536K [0x00000007aab00000, 0x00000007c0000000, 0x00000007c0000000)
  eden space 332800K, 0% used [0x00000007aab00000,0x00000007aab00000,0x00000007bf000000)
  from space 8192K, 30% used [0x00000007bf800000,0x00000007bfa7a2f8,0x00000007c0000000)
  to   space 8192K, 0% used [0x00000007bf000000,0x00000007bf000000,0x00000007bf800000)
 ParOldGen       total 66048K, used 44292K [0x0000000780000000, 0x0000000784080000, 0x00000007aab00000)
  object space 66048K, 67% used [0x0000000780000000,0x0000000782b41378,0x0000000784080000)
 Metaspace       used 43446K, capacity 58969K, committed 59160K, reserved 1091584K
  class space    used 12045K, capacity 17191K, committed 17192K, reserved 1048576K
}
Event: 18.256 GC heap before
{Heap before GC invocations=25 (full 3):
 PSYoungGen      total 340992K, used 2536K [0x00000007aab00000, 0x00000007c0000000, 0x00000007c0000000)
  eden space 332800K, 0% used [0x00000007aab00000,0x00000007aab00000,0x00000007bf000000)
  from space 8192K, 30% used [0x00000007bf800000,0x00000007bfa7a2f8,0x00000007c0000000)
  to   space 8192K, 0% used [0x00000007bf000000,0x00000007bf000000,0x00000007bf800000)
 ParOldGen       total 66048K, used 44292K [0x0000000780000000, 0x0000000784080000, 0x00000007aab00000)
  object space 66048K, 67% used [0x0000000780000000,0x0000000782b41378,0x0000000784080000)
 Metaspace       used 43446K, capacity 58969K, committed 59160K, reserved 1091584K
  class space    used 12045K, capacity 17191K, committed 17192K, reserved 1048576K
Event: 18.795 GC heap after
Heap after GC invocations=25 (full 3):
 PSYoungGen      total 340992K, used 0K [0x00000007aab00000, 0x00000007c0000000, 0x00000007c0000000)
  eden space 332800K, 0% used [0x00000007aab00000,0x00000007aab00000,0x00000007bf000000)
  from space 8192K, 0% used [0x00000007bf800000,0x00000007bf800000,0x00000007c0000000)
  to   space 8192K, 0% used [0x00000007bf000000,0x00000007bf000000,0x00000007bf800000)
 ParOldGen       total 100352K, used 45559K [0x0000000780000000, 0x0000000786200000, 0x00000007aab00000)
  object space 100352K, 45% used [0x0000000780000000,0x0000000782c7df20,0x0000000786200000)
 Metaspace       used 43446K, capacity 58969K, committed 59160K, reserved 1091584K
  class space    used 12045K, capacity 17191K, committed 17192K, reserved 1048576K
}

